Flow report for workshop5
Wed Mar 20 15:13:29 2024
Quartus Prime Version 20.1.1 Build 720 11/11/2020 SJ Lite Edition


---------------------
; Table of Contents ;
---------------------
  1. Legal Notice
  2. Flow Summary
  3. Flow Settings
  4. Flow Non-Default Global Settings
  5. Flow Elapsed Time
  6. Flow OS Summary
  7. Flow Log
  8. Flow Messages
  9. Flow Suppressed Messages



----------------
; Legal Notice ;
----------------
Copyright (C) 2020  Intel Corporation. All rights reserved.
Your use of Intel Corporation's design tools, logic functions 
and other software and tools, and any partner logic 
functions, and any output files from any of the foregoing 
(including device programming or simulation files), and any 
associated documentation or information are expressly subject 
to the terms and conditions of the Intel Program License 
Subscription Agreement, the Intel Quartus Prime License Agreement,
the Intel FPGA IP License Agreement, or other applicable license
agreement, including, without limitation, that your use is for
the sole purpose of programming logic devices manufactured by
Intel and sold by Intel or its authorized distributors.  Please
refer to the applicable agreement for further details, at
https://fpgasoftware.intel.com/eula.



+----------------------------------------------------------------------------------+
; Flow Summary                                                                     ;
+------------------------------------+---------------------------------------------+
; Flow Status                        ; Successful - Wed Mar 20 15:13:29 2024       ;
; Quartus Prime Version              ; 20.1.1 Build 720 11/11/2020 SJ Lite Edition ;
; Revision Name                      ; workshop5                                   ;
; Top-level Entity Name              ; fulladder                                   ;
; Family                             ; Cyclone IV E                                ;
; Device                             ; EP4CE115F29I8L                              ;
; Timing Models                      ; Final                                       ;
; Total logic elements               ; 2 / 114,480 ( < 1 % )                       ;
;     Total combinational functions  ; 2 / 114,480 ( < 1 % )                       ;
;     Dedicated logic registers      ; 0 / 114,480 ( 0 % )                         ;
; Total registers                    ; 0                                           ;
; Total pins                         ; 5 / 529 ( < 1 % )                           ;
; Total virtual pins                 ; 0                                           ;
; Total memory bits                  ; 0 / 3,981,312 ( 0 % )                       ;
; Embedded Multiplier 9-bit elements ; 0 / 532 ( 0 % )                             ;
; Total PLLs                         ; 0 / 4 ( 0 % )                               ;
+------------------------------------+---------------------------------------------+


+-----------------------------------------+
; Flow Settings                           ;
+-------------------+---------------------+
; Option            ; Setting             ;
+-------------------+---------------------+
; Start date & time ; 03/20/2024 15:12:52 ;
; Main task         ; Compilation         ;
; Revision Name     ; workshop5           ;
+-------------------+---------------------+


+-------------------------------------------------------------------------------------------------------------------------+
; Flow Non-Default Global Settings                                                                                        ;
+-------------------------------------+----------------------------------------+---------------+-------------+------------+
; Assignment Name                     ; Value                                  ; Default Value ; Entity Name ; Section Id ;
+-------------------------------------+----------------------------------------+---------------+-------------+------------+
; COMPILER_SIGNATURE_ID               ; 255757341686791.171092777207884        ; --            ; --          ; --         ;
; MAX_CORE_JUNCTION_TEMP              ; 100                                    ; --            ; --          ; --         ;
; MIN_CORE_JUNCTION_TEMP              ; -40                                    ; --            ; --          ; --         ;
; NOMINAL_CORE_SUPPLY_VOLTAGE         ; 1.0V                                   ; --            ; --          ; --         ;
; PARTITION_COLOR                     ; -- (Not supported for targeted family) ; --            ; fulladder   ; Top        ;
; PARTITION_FITTER_PRESERVATION_LEVEL ; -- (Not supported for targeted family) ; --            ; fulladder   ; Top        ;
; PARTITION_NETLIST_TYPE              ; -- (Not supported for targeted family) ; --            ; fulladder   ; Top        ;
; PROJECT_OUTPUT_DIRECTORY            ; output_files                           ; --            ; --          ; --         ;
; TOP_LEVEL_ENTITY                    ; fulladder                              ; workshop5     ; --          ; --         ;
+-------------------------------------+----------------------------------------+---------------+-------------+------------+


+--------------------------------------------------------------------------------------------------------------------------+
; Flow Elapsed Time                                                                                                        ;
+----------------------+--------------+-------------------------+---------------------+------------------------------------+
; Module Name          ; Elapsed Time ; Average Processors Used ; Peak Virtual Memory ; Total CPU Time (on all processors) ;
+----------------------+--------------+-------------------------+---------------------+------------------------------------+
; Analysis & Synthesis ; 00:00:05     ; 1.0                     ; 4775 MB             ; 00:00:03                           ;
; Fitter               ; 00:00:04     ; 1.0                     ; 6482 MB             ; 00:00:05                           ;
; Assembler            ; 00:00:02     ; 1.0                     ; 4694 MB             ; 00:00:01                           ;
; Timing Analyzer      ; 00:00:01     ; 1.0                     ; 4931 MB             ; 00:00:00                           ;
; EDA Netlist Writer   ; 00:00:00     ; 1.0                     ; 4640 MB             ; 00:00:00                           ;
; EDA Netlist Writer   ; 00:00:01     ; 1.0                     ; 4649 MB             ; 00:00:00                           ;
; Total                ; 00:00:13     ; --                      ; --                  ; 00:00:09                           ;
+----------------------+--------------+-------------------------+---------------------+------------------------------------+


+------------------------------------------------------------------------------------+
; Flow OS Summary                                                                    ;
+----------------------+------------------+------------+------------+----------------+
; Module Name          ; Machine Hostname ; OS Name    ; OS Version ; Processor type ;
+----------------------+------------------+------------+------------+----------------+
; Analysis & Synthesis ; PANKAJA-ROG      ; Windows 10 ; 10.0       ; x86_64         ;
; Fitter               ; PANKAJA-ROG      ; Windows 10 ; 10.0       ; x86_64         ;
; Assembler            ; PANKAJA-ROG      ; Windows 10 ; 10.0       ; x86_64         ;
; Timing Analyzer      ; PANKAJA-ROG      ; Windows 10 ; 10.0       ; x86_64         ;
; EDA Netlist Writer   ; PANKAJA-ROG      ; Windows 10 ; 10.0       ; x86_64         ;
; EDA Netlist Writer   ; PANKAJA-ROG      ; Windows 10 ; 10.0       ; x86_64         ;
+----------------------+------------------+------------+------------+----------------+


------------
; Flow Log ;
------------
quartus_map --read_settings_files=on --write_settings_files=off workshop5 -c workshop5
quartus_fit --read_settings_files=off --write_settings_files=off workshop5 -c workshop5
quartus_asm --read_settings_files=off --write_settings_files=off workshop5 -c workshop5
quartus_sta workshop5 -c workshop5
quartus_eda --gen_testbench --tool=modelsim_oem --format=verilog --write_settings_files=off workshop5 -c workshop5 --vector_source="C:/Users/PANKAJA/OneDrive/Acadamics/UOM Engineering/Academics/Semester 2/EN1094 Laboratory Practices/UOM_S2_EN1094_Laboratory-Practices/Electronics/Workshop-5/fulladderWaveform.vwf" --testbench_file="C:/Users/PANKAJA/OneDrive/Acadamics/UOM Engineering/Academics/Semester 2/EN1094 Laboratory Practices/UOM_S2_EN1094_Laboratory-Practices/Electronics/Workshop-5/simulation/qsim/fulladderWaveform.vwf.vt"
quartus_eda --write_settings_files=off --simulation=on --functional=on --flatten_buses=off --tool=modelsim_oem --format=verilog --output_directory="C:/Users/PANKAJA/OneDrive/Acadamics/UOM Engineering/Academics/Semester 2/EN1094 Laboratory Practices/UOM_S2_EN1094_Laboratory-Practices/Electronics/Workshop-5/simulation/qsim/" workshop5 -c workshop5



